<?xml version="1.0" encoding="UTF-8"?>
<testsuite xmlns:xsi="http://www.w3.org/2001/XMLSchema-instance" xsi:noNamespaceSchemaLocation="https://maven.apache.org/surefire/maven-surefire-plugin/xsd/surefire-test-report.xsd" name="com.nopcommerce.testRunner.TestRunnerclass" time="597.338" tests="14" errors="6" skipped="0" failures="3">
  <properties>
[...]
</properties>
  <testcase name="Add a New Category" classname="Categories" time="39.245">
    <error message="no such element: Unable to locate element: {&quot;method&quot;:&quot;css selector&quot;,&quot;selector&quot;:&quot;#Email&quot;}&#10;  (Session info: chrome=100.0.4896.127)&#10;For documentation on this error, please visit: https://selenium.dev/exceptions/#no_such_element&#10;Build info: version: &apos;4.1.3&apos;, revision: &apos;7b1ebf28ef&apos;&#10;System info: host: &apos;DESKTOP-2PSTLR1&apos;, ip: &apos;192.168.1.5&apos;, os.name: &apos;Windows 10&apos;, os.arch: &apos;amd64&apos;, os.version: &apos;10.0&apos;, java.version: &apos;11.0.14&apos;&#10;Driver info: org.openqa.selenium.chrome.ChromeDriver&#10;Command: [1bf98b70aac0a0b3dd72ff5d3f60dc79, findElement {using=id, value=Email}]&#10;Capabilities {acceptInsecureCerts: false, browserName: chrome, browserVersion: 100.0.4896.127, chrome: {chromedriverVersion: 99.0.4844.51 (d537ec02474b5..., userDataDir: C:\WINDOWS\TEMP\scoped_dir1...}, goog:chromeOptions: {debuggerAddress: localhost:62688}, javascriptEnabled: true, networkConnectionEnabled: false, pageLoadStrategy: normal, platform: WINDOWS, platformName: WINDOWS, proxy: Proxy(), se:cdp: ws://localhost:62688/devtoo..., se:cdpVersion: 100.0.4896.127, setWindowRect: true, strictFileInteractability: false, timeouts: {implicit: 0, pageLoad: 300000, script: 30000}, unhandledPromptBehavior: dismiss and notify, webauthn:extension:credBlob: true, webauthn:extension:largeBlob: true, webauthn:virtualAuthenticators: true}&#10;Session ID: 1bf98b70aac0a0b3dd72ff5d3f60dc79" type="org.openqa.selenium.NoSuchElementException">org.openqa.selenium.NoSuchElementException: 
no such element: Unable to locate element: {"method":"css selector","selector":"#Email"}
  (Session info: chrome=100.0.4896.127)
For documentation on this error, please visit: https://selenium.dev/exceptions/#no_such_element
Build info: version: '4.1.3', revision: '7b1ebf28ef'
System info: host: 'DESKTOP-2PSTLR1', ip: '192.168.1.5', os.name: 'Windows 10', os.arch: 'amd64', os.version: '10.0', java.version: '11.0.14'
Driver info: org.openqa.selenium.chrome.ChromeDriver
Command: [1bf98b70aac0a0b3dd72ff5d3f60dc79, findElement {using=id, value=Email}]
Capabilities {acceptInsecureCerts: false, browserName: chrome, browserVersion: 100.0.4896.127, chrome: {chromedriverVersion: 99.0.4844.51 (d537ec02474b5..., userDataDir: C:\WINDOWS\TEMP\scoped_dir1...}, goog:chromeOptions: {debuggerAddress: localhost:62688}, javascriptEnabled: true, networkConnectionEnabled: false, pageLoadStrategy: normal, platform: WINDOWS, platformName: WINDOWS, proxy: Proxy(), se:cdp: ws://localhost:62688/devtoo..., se:cdpVersion: 100.0.4896.127, setWindowRect: true, strictFileInteractability: false, timeouts: {implicit: 0, pageLoad: 300000, script: 30000}, unhandledPromptBehavior: dismiss and notify, webauthn:extension:credBlob: true, webauthn:extension:largeBlob: true, webauthn:virtualAuthenticators: true}
Session ID: 1bf98b70aac0a0b3dd72ff5d3f60dc79
</error>
    <system-out><![CDATA[
Scenario: Add a New Category                                                                             # features/Categories.feature:11
05-03-2022 02:08:31 InternalLoggerFactory.java DEBUG [main] logging.InternalLoggerFactory 89 - Using Log4J as the default logging framework
05-03-2022 02:08:31 ResourceLeakDetector.java DEBUG [main] util.ResourceLeakDetector 129 - -Dio.netty.leakDetection.level: simple
05-03-2022 02:08:31 ResourceLeakDetector.java DEBUG [main] util.ResourceLeakDetector 130 - -Dio.netty.leakDetection.targetRecords: 4
05-03-2022 02:08:31 ResourceLeakDetectorFactory.java DEBUG [main] util.ResourceLeakDetectorFactory 196 - Loaded default ResourceLeakDetector: io.netty.util.ResourceLeakDetector@3a43d133
05-03-2022 02:08:31 PlatformDependent0.java DEBUG [main] internal.PlatformDependent0 460 - -Dio.netty.noUnsafe: false
05-03-2022 02:08:31 PlatformDependent0.java DEBUG [main] internal.PlatformDependent0 954 - Java version: 11
05-03-2022 02:08:31 PlatformDependent0.java DEBUG [main] internal.PlatformDependent0 135 - sun.misc.Unsafe.theUnsafe: available
05-03-2022 02:08:31 PlatformDependent0.java DEBUG [main] internal.PlatformDependent0 159 - sun.misc.Unsafe.copyMemory: available
05-03-2022 02:08:31 PlatformDependent0.java DEBUG [main] internal.PlatformDependent0 202 - java.nio.Buffer.address: available
05-03-2022 02:08:31 PlatformDependent0.java DEBUG [main] internal.PlatformDependent0 285 - direct buffer constructor: unavailable: Reflective setAccessible(true) disabled
05-03-2022 02:08:31 PlatformDependent0.java DEBUG [main] internal.PlatformDependent0 350 - java.nio.Bits.unaligned: available, true
05-03-2022 02:08:31 PlatformDependent0.java DEBUG [main] internal.PlatformDependent0 417 - jdk.internal.misc.Unsafe.allocateUninitializedArray(int): unavailable: class io.netty.util.internal.PlatformDependent0$6 cannot access class jdk.internal.misc.Unsafe (in module java.base) because module java.base does not export jdk.internal.misc to unnamed module @6f2cfcc2
05-03-2022 02:08:31 PlatformDependent0.java DEBUG [main] internal.PlatformDependent0 446 - java.nio.DirectByteBuffer.<init>(long, int): unavailable
05-03-2022 02:08:31 PlatformDependent.java DEBUG [main] internal.PlatformDependent 1116 - sun.misc.Unsafe: available
05-03-2022 02:08:31 PlatformDependent.java DEBUG [main] internal.PlatformDependent 1227 - maxDirectMemory: 2120220672 bytes (maybe)
05-03-2022 02:08:31 PlatformDependent.java DEBUG [main] internal.PlatformDependent 1246 - -Dio.netty.tmpdir: C:\WINDOWS\TEMP (java.io.tmpdir)
05-03-2022 02:08:31 PlatformDependent.java DEBUG [main] internal.PlatformDependent 1325 - -Dio.netty.bitMode: 64 (sun.arch.data.model)
05-03-2022 02:08:31 PlatformDependent.java DEBUG [main] internal.PlatformDependent 1076 - Platform: Windows
05-03-2022 02:08:31 PlatformDependent.java DEBUG [main] internal.PlatformDependent 178 - -Dio.netty.maxDirectMemory: -1 bytes
05-03-2022 02:08:31 PlatformDependent.java DEBUG [main] internal.PlatformDependent 185 - -Dio.netty.uninitializedArrayAllocationThreshold: -1
05-03-2022 02:08:31 CleanerJava9.java DEBUG [main] internal.CleanerJava9 71 - java.nio.ByteBuffer.cleaner(): available
05-03-2022 02:08:31 PlatformDependent.java DEBUG [main] internal.PlatformDependent 205 - -Dio.netty.noPreferDirect: false
05-03-2022 02:08:31 PlatformDependent.java DEBUG [main] internal.PlatformDependent 967 - org.jctools-core.MpscChunkedArrayQueue: available
05-03-2022 02:08:31 InternalThreadLocalMap.java DEBUG [main] internal.InternalThreadLocalMap 86 - -Dio.netty.threadLocalMap.stringBuilder.initialSize: 1024
05-03-2022 02:08:31 InternalThreadLocalMap.java DEBUG [main] internal.InternalThreadLocalMap 89 - -Dio.netty.threadLocalMap.stringBuilder.maxSize: 4096
05-03-2022 02:08:31 JdkSslContext.java DEBUG [main] ssl.JdkSslContext 97 - Default protocols (JDK): [TLSv1.3, TLSv1.2] 
05-03-2022 02:08:31 JdkSslContext.java DEBUG [main] ssl.JdkSslContext 98 - Default cipher suites (JDK): [TLS_ECDHE_ECDSA_WITH_AES_256_GCM_SHA384, TLS_ECDHE_ECDSA_WITH_AES_128_GCM_SHA256, TLS_ECDHE_RSA_WITH_AES_128_GCM_SHA256, TLS_ECDHE_RSA_WITH_AES_256_GCM_SHA384, TLS_ECDHE_RSA_WITH_AES_128_CBC_SHA, TLS_ECDHE_RSA_WITH_AES_256_CBC_SHA, TLS_RSA_WITH_AES_128_GCM_SHA256, TLS_RSA_WITH_AES_128_CBC_SHA, TLS_RSA_WITH_AES_256_CBC_SHA, TLS_AES_128_GCM_SHA256, TLS_AES_256_GCM_SHA384]
05-03-2022 02:08:31 MultithreadEventLoopGroup.java DEBUG [main] channel.MultithreadEventLoopGroup 44 - -Dio.netty.eventLoopThreads: 8
05-03-2022 02:08:31 NioEventLoop.java DEBUG [main] nio.NioEventLoop 109 - -Dio.netty.noKeySetOptimization: false
05-03-2022 02:08:31 NioEventLoop.java DEBUG [main] nio.NioEventLoop 110 - -Dio.netty.selectorAutoRebuildThreshold: 512
05-03-2022 02:08:31 PooledByteBufAllocator.java DEBUG [main] buffer.PooledByteBufAllocator 155 - -Dio.netty.allocator.numHeapArenas: 8
05-03-2022 02:08:31 PooledByteBufAllocator.java DEBUG [main] buffer.PooledByteBufAllocator 156 - -Dio.netty.allocator.numDirectArenas: 8
05-03-2022 02:08:31 PooledByteBufAllocator.java DEBUG [main] buffer.PooledByteBufAllocator 158 - -Dio.netty.allocator.pageSize: 8192
05-03-2022 02:08:31 PooledByteBufAllocator.java DEBUG [main] buffer.PooledByteBufAllocator 163 - -Dio.netty.allocator.maxOrder: 9
05-03-2022 02:08:31 PooledByteBufAllocator.java DEBUG [main] buffer.PooledByteBufAllocator 167 - -Dio.netty.allocator.chunkSize: 4194304
05-03-2022 02:08:31 PooledByteBufAllocator.java DEBUG [main] buffer.PooledByteBufAllocator 168 - -Dio.netty.allocator.smallCacheSize: 256
05-03-2022 02:08:31 PooledByteBufAllocator.java DEBUG [main] buffer.PooledByteBufAllocator 169 - -Dio.netty.allocator.normalCacheSize: 64
05-03-2022 02:08:31 PooledByteBufAllocator.java DEBUG [main] buffer.PooledByteBufAllocator 170 - -Dio.netty.allocator.maxCachedBufferCapacity: 32768
05-03-2022 02:08:31 PooledByteBufAllocator.java DEBUG [main] buffer.PooledByteBufAllocator 171 - -Dio.netty.allocator.cacheTrimInterval: 8192
05-03-2022 02:08:31 PooledByteBufAllocator.java DEBUG [main] buffer.PooledByteBufAllocator 172 - -Dio.netty.allocator.cacheTrimIntervalMillis: 0
05-03-2022 02:08:31 PooledByteBufAllocator.java DEBUG [main] buffer.PooledByteBufAllocator 173 - -Dio.netty.allocator.useCacheForAllThreads: false
05-03-2022 02:08:31 PooledByteBufAllocator.java DEBUG [main] buffer.PooledByteBufAllocator 174 - -Dio.netty.allocator.maxCachedByteBuffersPerChunk: 1023
05-03-2022 02:08:31 ByteBufUtil.java DEBUG [main] buffer.ByteBufUtil 87 - -Dio.netty.allocator.type: pooled
05-03-2022 02:08:31 ByteBufUtil.java DEBUG [main] buffer.ByteBufUtil 96 - -Dio.netty.threadLocalDirectBufferSize: 0
05-03-2022 02:08:31 ByteBufUtil.java DEBUG [main] buffer.ByteBufUtil 99 - -Dio.netty.maxThreadLocalCharBufferSize: 16384
05-03-2022 02:08:32 DefaultChannelId.java DEBUG [Forwarding newSession on session null to remote] channel.DefaultChannelId 79 - -Dio.netty.processId: 8772 (auto-detected)
05-03-2022 02:08:32 NetUtil.java DEBUG [Forwarding newSession on session null to remote] util.NetUtil 136 - -Djava.net.preferIPv4Stack: false
05-03-2022 02:08:32 NetUtil.java DEBUG [Forwarding newSession on session null to remote] util.NetUtil 137 - -Djava.net.preferIPv6Addresses: false
05-03-2022 02:08:33 NetUtilInitializations.java DEBUG [Forwarding newSession on session null to remote] util.NetUtilInitializations 129 - Loopback interface: lo (Software Loopback Interface 1, 127.0.0.1)
05-03-2022 02:08:33 NetUtil.java DEBUG [Forwarding newSession on session null to remote] util.NetUtil 191 - Failed to get SOMAXCONN from sysctl and file \proc\sys\net\core\somaxconn. Default: 200
05-03-2022 02:08:33 DefaultChannelId.java DEBUG [Forwarding newSession on session null to remote] channel.DefaultChannelId 101 - -Dio.netty.machineId: 3c:a0:67:ff:fe:ac:55:67 (auto-detected)
05-03-2022 02:08:33 AbstractByteBuf.java DEBUG [AsyncHttpClient-1-2] buffer.AbstractByteBuf 63 - -Dio.netty.buffer.checkAccessible: true
05-03-2022 02:08:33 AbstractByteBuf.java DEBUG [AsyncHttpClient-1-2] buffer.AbstractByteBuf 64 - -Dio.netty.buffer.checkBounds: true
05-03-2022 02:08:33 ResourceLeakDetectorFactory.java DEBUG [AsyncHttpClient-1-2] util.ResourceLeakDetectorFactory 196 - Loaded default ResourceLeakDetector: io.netty.util.ResourceLeakDetector@191b3028
05-03-2022 02:08:33 Recycler.java DEBUG [AsyncHttpClient-1-2] util.Recycler 85 - -Dio.netty.recycler.maxCapacityPerThread: 4096
05-03-2022 02:08:33 Recycler.java DEBUG [AsyncHttpClient-1-2] util.Recycler 86 - -Dio.netty.recycler.ratio: 8
05-03-2022 02:08:33 Recycler.java DEBUG [AsyncHttpClient-1-2] util.Recycler 87 - -Dio.netty.recycler.chunkSize: 32
05-03-2022 02:08:33 Recycler.java DEBUG [AsyncHttpClient-1-2] util.Recycler 88 - -Dio.netty.recycler.blocking: false
05-03-2022 02:08:35 Brotli.java DEBUG [AsyncHttpClient-1-2] compression.Brotli 38 - brotli4j not in the classpath; Brotli support will be unavailable.
05-03-2022 02:08:35 ThreadLocalRandom.java DEBUG [main] internal.ThreadLocalRandom 214 - -Dio.netty.initialSeedUniquifier: 0x2843fc4c105022ad
05-03-2022 02:08:36 Steps.java INFO  [main] nopCommerce 99 - *********launching the Browser*************
  Given User launch chrome browser                                                                       # com.nopcommerce.stepDefinitions.Steps.user_launch_chrome_browser()
05-03-2022 02:08:36 Steps.java INFO  [main] nopCommerce 105 - *********Opening URL*************
  When User opens URL "https://admin-demo.nopcommerce.com/login"                                         # com.nopcommerce.stepDefinitions.Steps.user_opens_url(java.lang.String)
05-03-2022 02:09:09 Steps.java INFO  [main] nopCommerce 113 - ********* Proving user info ***************
  And User enters Email as "admin@yourstore.com" and Password as "admin"                                 # com.nopcommerce.stepDefinitions.Steps.user_enters_email_as_and_password_as(java.lang.String,java.lang.String)
      org.openqa.selenium.NoSuchElementException: no such element: Unable to locate element: {"method":"css selector","selector":"#Email"}
  (Session info: chrome=100.0.4896.127)
For documentation on this error, please visit: https://selenium.dev/exceptions/#no_such_element
Build info: version: '4.1.3', revision: '7b1ebf28ef'
System info: host: 'DESKTOP-2PSTLR1', ip: '192.168.1.5', os.name: 'Windows 10', os.arch: 'amd64', os.version: '10.0', java.version: '11.0.14'
Driver info: org.openqa.selenium.chrome.ChromeDriver
Command: [1bf98b70aac0a0b3dd72ff5d3f60dc79, findElement {using=id, value=Email}]
Capabilities {acceptInsecureCerts: false, browserName: chrome, browserVersion: 100.0.4896.127, chrome: {chromedriverVersion: 99.0.4844.51 (d537ec02474b5..., userDataDir: C:\WINDOWS\TEMP\scoped_dir1...}, goog:chromeOptions: {debuggerAddress: localhost:62688}, javascriptEnabled: true, networkConnectionEnabled: false, pageLoadStrategy: normal, platform: WINDOWS, platformName: WINDOWS, proxy: Proxy(), se:cdp: ws://localhost:62688/devtoo..., se:cdpVersion: 100.0.4896.127, setWindowRect: true, strictFileInteractability: false, timeouts: {implicit: 0, pageLoad: 300000, script: 30000}, unhandledPromptBehavior: dismiss and notify, webauthn:extension:credBlob: true, webauthn:extension:largeBlob: true, webauthn:virtualAuthenticators: true}
Session ID: 1bf98b70aac0a0b3dd72ff5d3f60dc79
	at java.base/jdk.internal.reflect.NativeConstructorAccessorImpl.newInstance0(Native Method)
	at java.base/jdk.internal.reflect.NativeConstructorAccessorImpl.newInstance(NativeConstructorAccessorImpl.java:62)
	at java.base/jdk.internal.reflect.DelegatingConstructorAccessorImpl.newInstance(DelegatingConstructorAccessorImpl.java:45)
	at java.base/java.lang.reflect.Constructor.newInstance(Constructor.java:490)
	at org.openqa.selenium.remote.codec.w3c.W3CHttpResponseCodec.createException(W3CHttpResponseCodec.java:200)
	at org.openqa.selenium.remote.codec.w3c.W3CHttpResponseCodec.decode(W3CHttpResponseCodec.java:133)
	at org.openqa.selenium.remote.codec.w3c.W3CHttpResponseCodec.decode(W3CHttpResponseCodec.java:53)
	at org.openqa.selenium.remote.HttpCommandExecutor.execute(HttpCommandExecutor.java:184)
	at org.openqa.selenium.remote.service.DriverCommandExecutor.invokeExecute(DriverCommandExecutor.java:167)
	at org.openqa.selenium.remote.service.DriverCommandExecutor.execute(DriverCommandExecutor.java:142)
	at org.openqa.selenium.remote.RemoteWebDriver.execute(RemoteWebDriver.java:567)
	at org.openqa.selenium.remote.ElementLocation$ElementFinder$2.findElement(ElementLocation.java:162)
	at org.openqa.selenium.remote.ElementLocation.findElement(ElementLocation.java:66)
	at org.openqa.selenium.remote.RemoteWebDriver.findElement(RemoteWebDriver.java:385)
	at org.openqa.selenium.remote.RemoteWebDriver.findElement(RemoteWebDriver.java:377)
	at org.openqa.selenium.support.pagefactory.DefaultElementLocator.findElement(DefaultElementLocator.java:70)
	at org.openqa.selenium.support.pagefactory.internal.LocatingElementHandler.invoke(LocatingElementHandler.java:39)
	at com.sun.proxy.$Proxy26.clear(Unknown Source)
	at com.nopcommerce.pageObjects.LoginPage.setUserName(LoginPage.java:38)
	at com.nopcommerce.stepDefinitions.Steps.user_enters_email_as_and_password_as(Steps.java:114)
	at âœ½.User enters Email as "admin@yourstore.com" and Password as "admin"(file:///C:/Users/Akshay%20More/eclipse-workspace/demonopcommerceBddCucumber/./features/Categories.feature:6)

  And Click on Login                                                                                     # com.nopcommerce.stepDefinitions.Steps.click_on_login()
  Then User can view Dashboard                                                                           # com.nopcommerce.stepDefinitions.Steps.user_can_view_dashboard()
  When User click on catalog menu                                                                        # com.nopcommerce.stepDefinitions.Steps.user_click_on_catalog_menu()
  And click on Categories                                                                                # com.nopcommerce.stepDefinitions.Steps.click_on_categories()
  And Click on Add New button                                                                            # com.nopcommerce.stepDefinitions.Steps.click_on_add_new_button()
  Then User can view add new Category page                                                               # com.nopcommerce.stepDefinitions.Steps.user_can_view_add_new_category_page()
  When user enter category info                                                                          # com.nopcommerce.stepDefinitions.Steps.user_enter_category_info()
  And Click on Save button                                                                               # com.nopcommerce.stepDefinitions.Steps.click_on_save_button()
  Then User can view category added confirmation message "The new category has been added successfully." # com.nopcommerce.stepDefinitions.Steps.user_can_view_category_added_confirmation_message(java.lang.String)
  And close browser                                                                                      # com.nopcommerce.stepDefinitions.Steps.close_browser()

    Embedding Add_a_New_Category [image/png 47628 bytes]

]]></system-out>
    <system-err><![CDATA[SLF4J: Failed to load class "org.slf4j.impl.StaticLoggerBinder".
SLF4J: Defaulting to no-operation (NOP) logger implementation
SLF4J: See http://www.slf4j.org/codes.html#StaticLoggerBinder for further details.
Starting ChromeDriver 99.0.4844.51 (d537ec02474b5afe23684e7963d538896c63ac77-refs/branch-heads/4844@{#875}) on port 57991
Only local connections are allowed.
Please see https://chromedriver.chromium.org/security-considerations for suggestions on keeping ChromeDriver safe.
ChromeDriver was started successfully.
[1651523915.200][WARNING]: This version of ChromeDriver has not been tested with Chrome version 100.
May 03, 2022 2:08:35 AM org.openqa.selenium.remote.ProtocolHandshake createSession
INFO: Detected dialect: W3C
May 03, 2022 2:08:35 AM org.openqa.selenium.devtools.CdpVersionFinder findNearestMatch
WARNING: Unable to find an exact match for CDP version 100, so returning the closest version found: 99
May 03, 2022 2:08:35 AM org.openqa.selenium.devtools.CdpVersionFinder findNearestMatch
INFO: Found CDP implementation for version 100 of 99
]]></system-err>
  </testcase>
  <testcase name="Search Category by Name" classname="Categories" time="34.197">
    <failure message="expected:&lt;true&gt; but was:&lt;false&gt;" type="java.lang.AssertionError"><![CDATA[java.lang.AssertionError: expected:<true> but was:<false>
]]></failure>
    <system-out><![CDATA[
Scenario: Search Category by Name                                        # features/Categories.feature:22
05-03-2022 02:09:12 Steps.java INFO  [main] nopCommerce 99 - *********launching the Browser*************
  Given User launch chrome browser                                       # com.nopcommerce.stepDefinitions.Steps.user_launch_chrome_browser()
05-03-2022 02:09:12 Steps.java INFO  [main] nopCommerce 105 - *********Opening URL*************
  When User opens URL "https://admin-demo.nopcommerce.com/login"         # com.nopcommerce.stepDefinitions.Steps.user_opens_url(java.lang.String)
05-03-2022 02:09:30 Steps.java INFO  [main] nopCommerce 113 - ********* Proving user info ***************
  And User enters Email as "admin@yourstore.com" and Password as "admin" # com.nopcommerce.stepDefinitions.Steps.user_enters_email_as_and_password_as(java.lang.String,java.lang.String)
  And Click on Login                                                     # com.nopcommerce.stepDefinitions.Steps.click_on_login()
05-03-2022 02:09:40 Steps.java INFO  [main] nopCommerce 159 - ********* Adding Customer Scenario started  ***************
  Then User can view Dashboard                                           # com.nopcommerce.stepDefinitions.Steps.user_can_view_dashboard()
  When User click on catalog menu                                        # com.nopcommerce.stepDefinitions.Steps.user_click_on_catalog_menu()
  And click on Categories                                                # com.nopcommerce.stepDefinitions.Steps.click_on_categories()
  And Enter Category Name                                                # com.nopcommerce.stepDefinitions.Steps.enter_category_name()
  When Click on Category Search button                                   # com.nopcommerce.stepDefinitions.Steps.click_on_category_search_button()
05-03-2022 02:09:43 Steps.java INFO  [main] nopCommerce 399 - ********* Search Category by name validation ***************
  Then User should found Category Name in the search table               # com.nopcommerce.stepDefinitions.Steps.user_should_found_category_name_in_the_search_table()
      java.lang.AssertionError: expected:<true> but was:<false>
	at org.junit.Assert.fail(Assert.java:88)
	at org.junit.Assert.failNotEquals(Assert.java:834)
	at org.junit.Assert.assertEquals(Assert.java:118)
	at org.junit.Assert.assertEquals(Assert.java:144)
	at com.nopcommerce.stepDefinitions.Steps.user_should_found_category_name_in_the_search_table(Steps.java:401)
	at âœ½.User should found Category Name in the search table(file:///C:/Users/Akshay%20More/eclipse-workspace/demonopcommerceBddCucumber/./features/Categories.feature:27)

  And close browser                                                      # com.nopcommerce.stepDefinitions.Steps.close_browser()

    Embedding Search_Category_by_Name [image/png 98466 bytes]

]]></system-out>
    <system-err><![CDATA[Starting ChromeDriver 99.0.4844.51 (d537ec02474b5afe23684e7963d538896c63ac77-refs/branch-heads/4844@{#875}) on port 64305
Only local connections are allowed.
Please see https://chromedriver.chromium.org/security-considerations for suggestions on keeping ChromeDriver safe.
ChromeDriver was started successfully.
[1651523951.526][WARNING]: This version of ChromeDriver has not been tested with Chrome version 100.
May 03, 2022 2:09:12 AM org.openqa.selenium.remote.ProtocolHandshake createSession
INFO: Detected dialect: W3C
May 03, 2022 2:09:12 AM org.openqa.selenium.devtools.CdpVersionFinder findNearestMatch
WARNING: Unable to find an exact match for CDP version 100, so returning the closest version found: 99
May 03, 2022 2:09:12 AM org.openqa.selenium.devtools.CdpVersionFinder findNearestMatch
INFO: Found CDP implementation for version 100 of 99
]]></system-err>
  </testcase>
  <testcase name="Add a New Customer" classname="Customers" time="46.481"/>
  <testcase name="Search Customer by EmailID" classname="Customers" time="30.298"/>
  <testcase name="Search Customer by Name" classname="Customers" time="48.256"/>
  <testcase name="Successfull Login with Valid credentials" classname="Login" time="53.27"/>
  <testcase name="Login Data Driven #1" classname="Login" time="42.233">
    <error message="unexpected alert open: {Alert text : DataTables warning: table id=bestsellers-byamount-grid - Ajax error. For more information about this error, please see http://datatables.net/tn/7}&#10;  (Session info: chrome=100.0.4896.127): DataTables warning: table id=bestsellers-byamount-grid - Ajax error. For more information about this error, please see http://datatables.net/tn/7&#10;Build info: version: &apos;4.1.3&apos;, revision: &apos;7b1ebf28ef&apos;&#10;System info: host: &apos;DESKTOP-2PSTLR1&apos;, ip: &apos;192.168.1.5&apos;, os.name: &apos;Windows 10&apos;, os.arch: &apos;amd64&apos;, os.version: &apos;10.0&apos;, java.version: &apos;11.0.14&apos;&#10;Driver info: org.openqa.selenium.chrome.ChromeDriver&#10;Command: [98c9b9a9429d006a969e4b71593bd72f, findElement {using=link text, value=Logout}]&#10;Capabilities {acceptInsecureCerts: false, browserName: chrome, browserVersion: 100.0.4896.127, chrome: {chromedriverVersion: 99.0.4844.51 (d537ec02474b5..., userDataDir: C:\WINDOWS\TEMP\scoped_dir8...}, goog:chromeOptions: {debuggerAddress: localhost:62818}, javascriptEnabled: true, networkConnectionEnabled: false, pageLoadStrategy: normal, platform: WINDOWS, platformName: WINDOWS, proxy: Proxy(), se:cdp: ws://localhost:62818/devtoo..., se:cdpVersion: 100.0.4896.127, setWindowRect: true, strictFileInteractability: false, timeouts: {implicit: 0, pageLoad: 300000, script: 30000}, unhandledPromptBehavior: dismiss and notify, webauthn:extension:credBlob: true, webauthn:extension:largeBlob: true, webauthn:virtualAuthenticators: true}&#10;Session ID: 98c9b9a9429d006a969e4b71593bd72f" type="org.openqa.selenium.UnhandledAlertException">org.openqa.selenium.UnhandledAlertException: 
unexpected alert open: {Alert text : DataTables warning: table id=bestsellers-byamount-grid - Ajax error. For more information about this error, please see http://datatables.net/tn/7}
  (Session info: chrome=100.0.4896.127): DataTables warning: table id=bestsellers-byamount-grid - Ajax error. For more information about this error, please see http://datatables.net/tn/7
Build info: version: '4.1.3', revision: '7b1ebf28ef'
System info: host: 'DESKTOP-2PSTLR1', ip: '192.168.1.5', os.name: 'Windows 10', os.arch: 'amd64', os.version: '10.0', java.version: '11.0.14'
Driver info: org.openqa.selenium.chrome.ChromeDriver
Command: [98c9b9a9429d006a969e4b71593bd72f, findElement {using=link text, value=Logout}]
Capabilities {acceptInsecureCerts: false, browserName: chrome, browserVersion: 100.0.4896.127, chrome: {chromedriverVersion: 99.0.4844.51 (d537ec02474b5..., userDataDir: C:\WINDOWS\TEMP\scoped_dir8...}, goog:chromeOptions: {debuggerAddress: localhost:62818}, javascriptEnabled: true, networkConnectionEnabled: false, pageLoadStrategy: normal, platform: WINDOWS, platformName: WINDOWS, proxy: Proxy(), se:cdp: ws://localhost:62818/devtoo..., se:cdpVersion: 100.0.4896.127, setWindowRect: true, strictFileInteractability: false, timeouts: {implicit: 0, pageLoad: 300000, script: 30000}, unhandledPromptBehavior: dismiss and notify, webauthn:extension:credBlob: true, webauthn:extension:largeBlob: true, webauthn:virtualAuthenticators: true}
Session ID: 98c9b9a9429d006a969e4b71593bd72f
</error>
    <system-out><![CDATA[
Scenario Outline: Login Data Driven                                      # features/Login.feature:29
05-03-2022 02:12:45 Steps.java INFO  [main] nopCommerce 99 - *********launching the Browser*************
  Given User launch chrome browser                                       # com.nopcommerce.stepDefinitions.Steps.user_launch_chrome_browser()
05-03-2022 02:12:45 Steps.java INFO  [main] nopCommerce 105 - *********Opening URL*************
  When User opens URL "https://admin-demo.nopcommerce.com/login"         # com.nopcommerce.stepDefinitions.Steps.user_opens_url(java.lang.String)
05-03-2022 02:12:48 Steps.java INFO  [main] nopCommerce 113 - ********* Proving user info ***************
  And User enters Email as "admin@yourstore.com" and Password as "admin" # com.nopcommerce.stepDefinitions.Steps.user_enters_email_as_and_password_as(java.lang.String,java.lang.String)
  And Click on Login                                                     # com.nopcommerce.stepDefinitions.Steps.click_on_login()
05-03-2022 02:13:14 Steps.java INFO  [main] nopCommerce 134 - *********Login successfull ***************
  Then page title should be "Dashboard / nopCommerce administration"     # com.nopcommerce.stepDefinitions.Steps.page_title_should_be(java.lang.String)
05-03-2022 02:13:19 Steps.java INFO  [main] nopCommerce 142 - *********Logout from application***************
  When User click on Logout link                                         # com.nopcommerce.stepDefinitions.Steps.user_click_on_logout_link()
      org.openqa.selenium.UnhandledAlertException: unexpected alert open: {Alert text : DataTables warning: table id=bestsellers-byamount-grid - Ajax error. For more information about this error, please see http://datatables.net/tn/7}
  (Session info: chrome=100.0.4896.127): DataTables warning: table id=bestsellers-byamount-grid - Ajax error. For more information about this error, please see http://datatables.net/tn/7
Build info: version: '4.1.3', revision: '7b1ebf28ef'
System info: host: 'DESKTOP-2PSTLR1', ip: '192.168.1.5', os.name: 'Windows 10', os.arch: 'amd64', os.version: '10.0', java.version: '11.0.14'
Driver info: org.openqa.selenium.chrome.ChromeDriver
Command: [98c9b9a9429d006a969e4b71593bd72f, findElement {using=link text, value=Logout}]
Capabilities {acceptInsecureCerts: false, browserName: chrome, browserVersion: 100.0.4896.127, chrome: {chromedriverVersion: 99.0.4844.51 (d537ec02474b5..., userDataDir: C:\WINDOWS\TEMP\scoped_dir8...}, goog:chromeOptions: {debuggerAddress: localhost:62818}, javascriptEnabled: true, networkConnectionEnabled: false, pageLoadStrategy: normal, platform: WINDOWS, platformName: WINDOWS, proxy: Proxy(), se:cdp: ws://localhost:62818/devtoo..., se:cdpVersion: 100.0.4896.127, setWindowRect: true, strictFileInteractability: false, timeouts: {implicit: 0, pageLoad: 300000, script: 30000}, unhandledPromptBehavior: dismiss and notify, webauthn:extension:credBlob: true, webauthn:extension:largeBlob: true, webauthn:virtualAuthenticators: true}
Session ID: 98c9b9a9429d006a969e4b71593bd72f
	at org.openqa.selenium.remote.codec.w3c.W3CHttpResponseCodec.decode(W3CHttpResponseCodec.java:131)
	at org.openqa.selenium.remote.codec.w3c.W3CHttpResponseCodec.decode(W3CHttpResponseCodec.java:53)
	at org.openqa.selenium.remote.HttpCommandExecutor.execute(HttpCommandExecutor.java:184)
	at org.openqa.selenium.remote.service.DriverCommandExecutor.invokeExecute(DriverCommandExecutor.java:167)
	at org.openqa.selenium.remote.service.DriverCommandExecutor.execute(DriverCommandExecutor.java:142)
	at org.openqa.selenium.remote.RemoteWebDriver.execute(RemoteWebDriver.java:567)
	at org.openqa.selenium.remote.ElementLocation$ElementFinder$2.findElement(ElementLocation.java:162)
	at org.openqa.selenium.remote.ElementLocation.findElement(ElementLocation.java:60)
	at org.openqa.selenium.remote.RemoteWebDriver.findElement(RemoteWebDriver.java:385)
	at org.openqa.selenium.remote.RemoteWebDriver.findElement(RemoteWebDriver.java:377)
	at org.openqa.selenium.support.pagefactory.DefaultElementLocator.findElement(DefaultElementLocator.java:70)
	at org.openqa.selenium.support.pagefactory.internal.LocatingElementHandler.invoke(LocatingElementHandler.java:39)
	at com.sun.proxy.$Proxy26.click(Unknown Source)
	at com.nopcommerce.pageObjects.LoginPage.clickLogout(LoginPage.java:52)
	at com.nopcommerce.stepDefinitions.Steps.user_click_on_logout_link(Steps.java:144)
	at âœ½.User click on Logout link(file:///C:/Users/Akshay%20More/eclipse-workspace/demonopcommerceBddCucumber/./features/Login.feature:23)

  Then page title should be "Your store. Login"                          # com.nopcommerce.stepDefinitions.Steps.page_title_should_be(java.lang.String)
  And close browser                                                      # com.nopcommerce.stepDefinitions.Steps.close_browser()

    Embedding Login_Data_Driven [image/png 103408 bytes]

]]></system-out>
    <system-err><![CDATA[Starting ChromeDriver 99.0.4844.51 (d537ec02474b5afe23684e7963d538896c63ac77-refs/branch-heads/4844@{#875}) on port 52509
Only local connections are allowed.
Please see https://chromedriver.chromium.org/security-considerations for suggestions on keeping ChromeDriver safe.
ChromeDriver was started successfully.
[1651524164.425][WARNING]: This version of ChromeDriver has not been tested with Chrome version 100.
May 03, 2022 2:12:45 AM org.openqa.selenium.remote.ProtocolHandshake createSession
INFO: Detected dialect: W3C
May 03, 2022 2:12:45 AM org.openqa.selenium.devtools.CdpVersionFinder findNearestMatch
WARNING: Unable to find an exact match for CDP version 100, so returning the closest version found: 99
May 03, 2022 2:12:45 AM org.openqa.selenium.devtools.CdpVersionFinder findNearestMatch
INFO: Found CDP implementation for version 100 of 99
]]></system-err>
  </testcase>
  <testcase name="Login Data Driven #2" classname="Login" time="11.512">
    <failure type="java.lang.AssertionError">java.lang.AssertionError
</failure>
    <system-out><![CDATA[
Scenario Outline: Login Data Driven                                            # features/Login.feature:30
05-03-2022 02:13:26 Steps.java INFO  [main] nopCommerce 99 - *********launching the Browser*************
  Given User launch chrome browser                                             # com.nopcommerce.stepDefinitions.Steps.user_launch_chrome_browser()
05-03-2022 02:13:26 Steps.java INFO  [main] nopCommerce 105 - *********Opening URL*************
  When User opens URL "https://admin-demo.nopcommerce.com/login"               # com.nopcommerce.stepDefinitions.Steps.user_opens_url(java.lang.String)
05-03-2022 02:13:29 Steps.java INFO  [main] nopCommerce 113 - ********* Proving user info ***************
  And User enters Email as "admin123@yourstore.com" and Password as "admin123" # com.nopcommerce.stepDefinitions.Steps.user_enters_email_as_and_password_as(java.lang.String,java.lang.String)
  And Click on Login                                                           # com.nopcommerce.stepDefinitions.Steps.click_on_login()
05-03-2022 02:13:35 Steps.java INFO  [main] nopCommerce 129 - *********Login Failed ***************
  Then page title should be "Dashboard / nopCommerce administration"           # com.nopcommerce.stepDefinitions.Steps.page_title_should_be(java.lang.String)
      java.lang.AssertionError
	at org.junit.Assert.fail(Assert.java:86)
	at org.junit.Assert.assertTrue(Assert.java:41)
	at org.junit.Assert.assertTrue(Assert.java:52)
	at com.nopcommerce.stepDefinitions.Steps.page_title_should_be(Steps.java:131)
	at âœ½.page title should be "Dashboard / nopCommerce administration"(file:///C:/Users/Akshay%20More/eclipse-workspace/demonopcommerceBddCucumber/./features/Login.feature:22)

  When User click on Logout link                                               # com.nopcommerce.stepDefinitions.Steps.user_click_on_logout_link()
  Then page title should be "Your store. Login"                                # com.nopcommerce.stepDefinitions.Steps.page_title_should_be(java.lang.String)
  And close browser                                                            # com.nopcommerce.stepDefinitions.Steps.close_browser()
      org.openqa.selenium.NoSuchSessionException: invalid session id
Build info: version: '4.1.3', revision: '7b1ebf28ef'
System info: host: 'DESKTOP-2PSTLR1', ip: '192.168.1.5', os.name: 'Windows 10', os.arch: 'amd64', os.version: '10.0', java.version: '11.0.14'
Driver info: org.openqa.selenium.chrome.ChromeDriver
Command: [98638500821d5a64f5691b10a42eb425, screenshot {}]
Capabilities {acceptInsecureCerts: false, browserName: chrome, browserVersion: 100.0.4896.127, chrome: {chromedriverVersion: 99.0.4844.51 (d537ec02474b5..., userDataDir: C:\WINDOWS\TEMP\scoped_dir1...}, goog:chromeOptions: {debuggerAddress: localhost:62837}, javascriptEnabled: true, networkConnectionEnabled: false, pageLoadStrategy: normal, platform: WINDOWS, platformName: WINDOWS, proxy: Proxy(), se:cdp: ws://localhost:62837/devtoo..., se:cdpVersion: 100.0.4896.127, setWindowRect: true, strictFileInteractability: false, timeouts: {implicit: 0, pageLoad: 300000, script: 30000}, unhandledPromptBehavior: dismiss and notify, webauthn:extension:credBlob: true, webauthn:extension:largeBlob: true, webauthn:virtualAuthenticators: true}
Session ID: 98638500821d5a64f5691b10a42eb425
	at java.base/jdk.internal.reflect.NativeConstructorAccessorImpl.newInstance0(Native Method)
	at java.base/jdk.internal.reflect.NativeConstructorAccessorImpl.newInstance(NativeConstructorAccessorImpl.java:62)
	at java.base/jdk.internal.reflect.DelegatingConstructorAccessorImpl.newInstance(DelegatingConstructorAccessorImpl.java:45)
	at java.base/java.lang.reflect.Constructor.newInstance(Constructor.java:490)
	at org.openqa.selenium.remote.codec.w3c.W3CHttpResponseCodec.createException(W3CHttpResponseCodec.java:200)
	at org.openqa.selenium.remote.codec.w3c.W3CHttpResponseCodec.decode(W3CHttpResponseCodec.java:133)
	at org.openqa.selenium.remote.codec.w3c.W3CHttpResponseCodec.decode(W3CHttpResponseCodec.java:53)
	at org.openqa.selenium.remote.HttpCommandExecutor.execute(HttpCommandExecutor.java:184)
	at org.openqa.selenium.remote.service.DriverCommandExecutor.invokeExecute(DriverCommandExecutor.java:167)
	at org.openqa.selenium.remote.service.DriverCommandExecutor.execute(DriverCommandExecutor.java:142)
	at org.openqa.selenium.remote.RemoteWebDriver.execute(RemoteWebDriver.java:567)
	at org.openqa.selenium.remote.RemoteWebDriver.execute(RemoteWebDriver.java:622)
	at org.openqa.selenium.remote.RemoteWebDriver.execute(RemoteWebDriver.java:626)
	at org.openqa.selenium.remote.RemoteWebDriver.getScreenshotAs(RemoteWebDriver.java:351)
	at com.nopcommerce.stepDefinitions.Steps.tearDown(Steps.java:89)

]]></system-out>
    <system-err><![CDATA[Starting ChromeDriver 99.0.4844.51 (d537ec02474b5afe23684e7963d538896c63ac77-refs/branch-heads/4844@{#875}) on port 64367
Only local connections are allowed.
Please see https://chromedriver.chromium.org/security-considerations for suggestions on keeping ChromeDriver safe.
ChromeDriver was started successfully.
[1651524206.115][WARNING]: This version of ChromeDriver has not been tested with Chrome version 100.
May 03, 2022 2:13:26 AM org.openqa.selenium.remote.ProtocolHandshake createSession
INFO: Detected dialect: W3C
May 03, 2022 2:13:26 AM org.openqa.selenium.devtools.CdpVersionFinder findNearestMatch
WARNING: Unable to find an exact match for CDP version 100, so returning the closest version found: 99
May 03, 2022 2:13:26 AM org.openqa.selenium.devtools.CdpVersionFinder findNearestMatch
INFO: Found CDP implementation for version 100 of 99
]]></system-err>
  </testcase>
  <testcase name="Login Data Driven #2" classname="Login" time="11.514">
    <error message="invalid session id&#10;Build info: version: &apos;4.1.3&apos;, revision: &apos;7b1ebf28ef&apos;&#10;System info: host: &apos;DESKTOP-2PSTLR1&apos;, ip: &apos;192.168.1.5&apos;, os.name: &apos;Windows 10&apos;, os.arch: &apos;amd64&apos;, os.version: &apos;10.0&apos;, java.version: &apos;11.0.14&apos;&#10;Driver info: org.openqa.selenium.chrome.ChromeDriver&#10;Command: [98638500821d5a64f5691b10a42eb425, screenshot {}]&#10;Capabilities {acceptInsecureCerts: false, browserName: chrome, browserVersion: 100.0.4896.127, chrome: {chromedriverVersion: 99.0.4844.51 (d537ec02474b5..., userDataDir: C:\WINDOWS\TEMP\scoped_dir1...}, goog:chromeOptions: {debuggerAddress: localhost:62837}, javascriptEnabled: true, networkConnectionEnabled: false, pageLoadStrategy: normal, platform: WINDOWS, platformName: WINDOWS, proxy: Proxy(), se:cdp: ws://localhost:62837/devtoo..., se:cdpVersion: 100.0.4896.127, setWindowRect: true, strictFileInteractability: false, timeouts: {implicit: 0, pageLoad: 300000, script: 30000}, unhandledPromptBehavior: dismiss and notify, webauthn:extension:credBlob: true, webauthn:extension:largeBlob: true, webauthn:virtualAuthenticators: true}&#10;Session ID: 98638500821d5a64f5691b10a42eb425" type="org.openqa.selenium.NoSuchSessionException">org.openqa.selenium.NoSuchSessionException: 
invalid session id
Build info: version: '4.1.3', revision: '7b1ebf28ef'
System info: host: 'DESKTOP-2PSTLR1', ip: '192.168.1.5', os.name: 'Windows 10', os.arch: 'amd64', os.version: '10.0', java.version: '11.0.14'
Driver info: org.openqa.selenium.chrome.ChromeDriver
Command: [98638500821d5a64f5691b10a42eb425, screenshot {}]
Capabilities {acceptInsecureCerts: false, browserName: chrome, browserVersion: 100.0.4896.127, chrome: {chromedriverVersion: 99.0.4844.51 (d537ec02474b5..., userDataDir: C:\WINDOWS\TEMP\scoped_dir1...}, goog:chromeOptions: {debuggerAddress: localhost:62837}, javascriptEnabled: true, networkConnectionEnabled: false, pageLoadStrategy: normal, platform: WINDOWS, platformName: WINDOWS, proxy: Proxy(), se:cdp: ws://localhost:62837/devtoo..., se:cdpVersion: 100.0.4896.127, setWindowRect: true, strictFileInteractability: false, timeouts: {implicit: 0, pageLoad: 300000, script: 30000}, unhandledPromptBehavior: dismiss and notify, webauthn:extension:credBlob: true, webauthn:extension:largeBlob: true, webauthn:virtualAuthenticators: true}
Session ID: 98638500821d5a64f5691b10a42eb425
</error>
  </testcase>
  <testcase name="Add a New Manufacturer" classname="Manufacturers" time="34.6"/>
  <testcase name="Search Manufacturer by Name" classname="Manufacturers" time="97.317">
    <error message="timeout: Timed out receiving message from renderer: 40.000&#10;  (Session info: chrome=100.0.4896.127)&#10;Build info: version: &apos;4.1.3&apos;, revision: &apos;7b1ebf28ef&apos;&#10;System info: host: &apos;DESKTOP-2PSTLR1&apos;, ip: &apos;192.168.1.5&apos;, os.name: &apos;Windows 10&apos;, os.arch: &apos;amd64&apos;, os.version: &apos;10.0&apos;, java.version: &apos;11.0.14&apos;&#10;Driver info: org.openqa.selenium.chrome.ChromeDriver&#10;Command: [e38b1a67e6c3200a5580eb4256d3509b, findElement {using=xpath, value=//input[@id=&apos;SearchManufacturerName&apos;]}]&#10;Capabilities {acceptInsecureCerts: false, browserName: chrome, browserVersion: 100.0.4896.127, chrome: {chromedriverVersion: 99.0.4844.51 (d537ec02474b5..., userDataDir: C:\WINDOWS\TEMP\scoped_dir7...}, goog:chromeOptions: {debuggerAddress: localhost:62875}, javascriptEnabled: true, networkConnectionEnabled: false, pageLoadStrategy: normal, platform: WINDOWS, platformName: WINDOWS, proxy: Proxy(), se:cdp: ws://localhost:62875/devtoo..., se:cdpVersion: 100.0.4896.127, setWindowRect: true, strictFileInteractability: false, timeouts: {implicit: 0, pageLoad: 300000, script: 30000}, unhandledPromptBehavior: dismiss and notify, webauthn:extension:credBlob: true, webauthn:extension:largeBlob: true, webauthn:virtualAuthenticators: true}&#10;Session ID: e38b1a67e6c3200a5580eb4256d3509b" type="org.openqa.selenium.TimeoutException">org.openqa.selenium.TimeoutException: 
timeout: Timed out receiving message from renderer: 40.000
  (Session info: chrome=100.0.4896.127)
Build info: version: '4.1.3', revision: '7b1ebf28ef'
System info: host: 'DESKTOP-2PSTLR1', ip: '192.168.1.5', os.name: 'Windows 10', os.arch: 'amd64', os.version: '10.0', java.version: '11.0.14'
Driver info: org.openqa.selenium.chrome.ChromeDriver
Command: [e38b1a67e6c3200a5580eb4256d3509b, findElement {using=xpath, value=//input[@id='SearchManufacturerName']}]
Capabilities {acceptInsecureCerts: false, browserName: chrome, browserVersion: 100.0.4896.127, chrome: {chromedriverVersion: 99.0.4844.51 (d537ec02474b5..., userDataDir: C:\WINDOWS\TEMP\scoped_dir7...}, goog:chromeOptions: {debuggerAddress: localhost:62875}, javascriptEnabled: true, networkConnectionEnabled: false, pageLoadStrategy: normal, platform: WINDOWS, platformName: WINDOWS, proxy: Proxy(), se:cdp: ws://localhost:62875/devtoo..., se:cdpVersion: 100.0.4896.127, setWindowRect: true, strictFileInteractability: false, timeouts: {implicit: 0, pageLoad: 300000, script: 30000}, unhandledPromptBehavior: dismiss and notify, webauthn:extension:credBlob: true, webauthn:extension:largeBlob: true, webauthn:virtualAuthenticators: true}
Session ID: e38b1a67e6c3200a5580eb4256d3509b
</error>
    <system-out><![CDATA[
Scenario: Search Manufacturer by Name                                    # features/Manufacturers.feature:22
05-03-2022 02:14:13 Steps.java INFO  [main] nopCommerce 99 - *********launching the Browser*************
  Given User launch chrome browser                                       # com.nopcommerce.stepDefinitions.Steps.user_launch_chrome_browser()
05-03-2022 02:14:13 Steps.java INFO  [main] nopCommerce 105 - *********Opening URL*************
  When User opens URL "https://admin-demo.nopcommerce.com/login"         # com.nopcommerce.stepDefinitions.Steps.user_opens_url(java.lang.String)
05-03-2022 02:14:15 Steps.java INFO  [main] nopCommerce 113 - ********* Proving user info ***************
  And User enters Email as "admin@yourstore.com" and Password as "admin" # com.nopcommerce.stepDefinitions.Steps.user_enters_email_as_and_password_as(java.lang.String,java.lang.String)
  And Click on Login                                                     # com.nopcommerce.stepDefinitions.Steps.click_on_login()
05-03-2022 02:14:25 Steps.java INFO  [main] nopCommerce 159 - ********* Adding Customer Scenario started  ***************
  Then User can view Dashboard                                           # com.nopcommerce.stepDefinitions.Steps.user_can_view_dashboard()
  When User click on catalog menu                                        # com.nopcommerce.stepDefinitions.Steps.user_click_on_catalog_menu()
  And click on Manufacturers                                             # com.nopcommerce.stepDefinitions.Steps.click_on_manufacturers()
  And Enter Manufacturer Name                                            # com.nopcommerce.stepDefinitions.Steps.enter_manufacturer_name()
      org.openqa.selenium.TimeoutException: timeout: Timed out receiving message from renderer: 40.000
  (Session info: chrome=100.0.4896.127)
Build info: version: '4.1.3', revision: '7b1ebf28ef'
System info: host: 'DESKTOP-2PSTLR1', ip: '192.168.1.5', os.name: 'Windows 10', os.arch: 'amd64', os.version: '10.0', java.version: '11.0.14'
Driver info: org.openqa.selenium.chrome.ChromeDriver
Command: [e38b1a67e6c3200a5580eb4256d3509b, findElement {using=xpath, value=//input[@id='SearchManufacturerName']}]
Capabilities {acceptInsecureCerts: false, browserName: chrome, browserVersion: 100.0.4896.127, chrome: {chromedriverVersion: 99.0.4844.51 (d537ec02474b5..., userDataDir: C:\WINDOWS\TEMP\scoped_dir7...}, goog:chromeOptions: {debuggerAddress: localhost:62875}, javascriptEnabled: true, networkConnectionEnabled: false, pageLoadStrategy: normal, platform: WINDOWS, platformName: WINDOWS, proxy: Proxy(), se:cdp: ws://localhost:62875/devtoo..., se:cdpVersion: 100.0.4896.127, setWindowRect: true, strictFileInteractability: false, timeouts: {implicit: 0, pageLoad: 300000, script: 30000}, unhandledPromptBehavior: dismiss and notify, webauthn:extension:credBlob: true, webauthn:extension:largeBlob: true, webauthn:virtualAuthenticators: true}
Session ID: e38b1a67e6c3200a5580eb4256d3509b
	at java.base/jdk.internal.reflect.NativeConstructorAccessorImpl.newInstance0(Native Method)
	at java.base/jdk.internal.reflect.NativeConstructorAccessorImpl.newInstance(NativeConstructorAccessorImpl.java:62)
	at java.base/jdk.internal.reflect.DelegatingConstructorAccessorImpl.newInstance(DelegatingConstructorAccessorImpl.java:45)
	at java.base/java.lang.reflect.Constructor.newInstance(Constructor.java:490)
	at org.openqa.selenium.remote.codec.w3c.W3CHttpResponseCodec.createException(W3CHttpResponseCodec.java:200)
	at org.openqa.selenium.remote.codec.w3c.W3CHttpResponseCodec.decode(W3CHttpResponseCodec.java:133)
	at org.openqa.selenium.remote.codec.w3c.W3CHttpResponseCodec.decode(W3CHttpResponseCodec.java:53)
	at org.openqa.selenium.remote.HttpCommandExecutor.execute(HttpCommandExecutor.java:184)
	at org.openqa.selenium.remote.service.DriverCommandExecutor.invokeExecute(DriverCommandExecutor.java:167)
	at org.openqa.selenium.remote.service.DriverCommandExecutor.execute(DriverCommandExecutor.java:142)
	at org.openqa.selenium.remote.RemoteWebDriver.execute(RemoteWebDriver.java:567)
	at org.openqa.selenium.remote.ElementLocation$ElementFinder$2.findElement(ElementLocation.java:162)
	at org.openqa.selenium.remote.ElementLocation.findElement(ElementLocation.java:60)
	at org.openqa.selenium.remote.RemoteWebDriver.findElement(RemoteWebDriver.java:385)
	at org.openqa.selenium.remote.RemoteWebDriver.findElement(RemoteWebDriver.java:377)
	at org.openqa.selenium.support.pagefactory.DefaultElementLocator.findElement(DefaultElementLocator.java:70)
	at org.openqa.selenium.support.pagefactory.internal.LocatingElementHandler.invoke(LocatingElementHandler.java:39)
	at com.sun.proxy.$Proxy26.sendKeys(Unknown Source)
	at com.nopcommerce.pageObjects.SearchManufacturerPage.enterManufacturerName(SearchManufacturerPage.java:45)
	at com.nopcommerce.stepDefinitions.Steps.enter_manufacturer_name(Steps.java:440)
	at âœ½.Enter Manufacturer Name(file:///C:/Users/Akshay%20More/eclipse-workspace/demonopcommerceBddCucumber/./features/Manufacturers.feature:25)

  When Click on Manufacturer Search button                               # com.nopcommerce.stepDefinitions.Steps.click_on_manufacturer_search_button()
  Then User should found Manufacturer Name in the search table           # com.nopcommerce.stepDefinitions.Steps.user_should_found_manufacturer_name_in_the_search_table()
  And close browser                                                      # com.nopcommerce.stepDefinitions.Steps.close_browser()
      org.openqa.selenium.TimeoutException: timeout: Timed out receiving message from renderer: 40.000
  (Session info: chrome=100.0.4896.127)
Build info: version: '4.1.3', revision: '7b1ebf28ef'
System info: host: 'DESKTOP-2PSTLR1', ip: '192.168.1.5', os.name: 'Windows 10', os.arch: 'amd64', os.version: '10.0', java.version: '11.0.14'
Driver info: org.openqa.selenium.chrome.ChromeDriver
Command: [e38b1a67e6c3200a5580eb4256d3509b, screenshot {}]
Capabilities {acceptInsecureCerts: false, browserName: chrome, browserVersion: 100.0.4896.127, chrome: {chromedriverVersion: 99.0.4844.51 (d537ec02474b5..., userDataDir: C:\WINDOWS\TEMP\scoped_dir7...}, goog:chromeOptions: {debuggerAddress: localhost:62875}, javascriptEnabled: true, networkConnectionEnabled: false, pageLoadStrategy: normal, platform: WINDOWS, platformName: WINDOWS, proxy: Proxy(), se:cdp: ws://localhost:62875/devtoo..., se:cdpVersion: 100.0.4896.127, setWindowRect: true, strictFileInteractability: false, timeouts: {implicit: 0, pageLoad: 300000, script: 30000}, unhandledPromptBehavior: dismiss and notify, webauthn:extension:credBlob: true, webauthn:extension:largeBlob: true, webauthn:virtualAuthenticators: true}
Session ID: e38b1a67e6c3200a5580eb4256d3509b
	at java.base/jdk.internal.reflect.NativeConstructorAccessorImpl.newInstance0(Native Method)
	at java.base/jdk.internal.reflect.NativeConstructorAccessorImpl.newInstance(NativeConstructorAccessorImpl.java:62)
	at java.base/jdk.internal.reflect.DelegatingConstructorAccessorImpl.newInstance(DelegatingConstructorAccessorImpl.java:45)
	at java.base/java.lang.reflect.Constructor.newInstance(Constructor.java:490)
	at org.openqa.selenium.remote.codec.w3c.W3CHttpResponseCodec.createException(W3CHttpResponseCodec.java:200)
	at org.openqa.selenium.remote.codec.w3c.W3CHttpResponseCodec.decode(W3CHttpResponseCodec.java:133)
	at org.openqa.selenium.remote.codec.w3c.W3CHttpResponseCodec.decode(W3CHttpResponseCodec.java:53)
	at org.openqa.selenium.remote.HttpCommandExecutor.execute(HttpCommandExecutor.java:184)
	at org.openqa.selenium.remote.service.DriverCommandExecutor.invokeExecute(DriverCommandExecutor.java:167)
	at org.openqa.selenium.remote.service.DriverCommandExecutor.execute(DriverCommandExecutor.java:142)
	at org.openqa.selenium.remote.RemoteWebDriver.execute(RemoteWebDriver.java:567)
	at org.openqa.selenium.remote.RemoteWebDriver.execute(RemoteWebDriver.java:622)
	at org.openqa.selenium.remote.RemoteWebDriver.execute(RemoteWebDriver.java:626)
	at org.openqa.selenium.remote.RemoteWebDriver.getScreenshotAs(RemoteWebDriver.java:351)
	at com.nopcommerce.stepDefinitions.Steps.tearDown(Steps.java:89)

]]></system-out>
    <system-err><![CDATA[Starting ChromeDriver 99.0.4844.51 (d537ec02474b5afe23684e7963d538896c63ac77-refs/branch-heads/4844@{#875}) on port 59057
Only local connections are allowed.
Please see https://chromedriver.chromium.org/security-considerations for suggestions on keeping ChromeDriver safe.
ChromeDriver was started successfully.
[1651524252.563][WARNING]: This version of ChromeDriver has not been tested with Chrome version 100.
May 03, 2022 2:14:13 AM org.openqa.selenium.remote.ProtocolHandshake createSession
INFO: Detected dialect: W3C
May 03, 2022 2:14:13 AM org.openqa.selenium.devtools.CdpVersionFinder findNearestMatch
WARNING: Unable to find an exact match for CDP version 100, so returning the closest version found: 99
May 03, 2022 2:14:13 AM org.openqa.selenium.devtools.CdpVersionFinder findNearestMatch
INFO: Found CDP implementation for version 100 of 99
[1651524307.967][SEVERE]: Timed out receiving message from renderer: 40.000
[1651524307.975][SEVERE]: Timed out receiving message from renderer: 40.000
[1651524348.006][SEVERE]: Timed out receiving message from renderer: 40.000
[1651524348.010][SEVERE]: Timed out receiving message from renderer: 40.000
]]></system-err>
  </testcase>
  <testcase name="Search Manufacturer by Name" classname="Manufacturers" time="97.32">
    <error message="timeout: Timed out receiving message from renderer: 40.000&#10;  (Session info: chrome=100.0.4896.127)&#10;Build info: version: &apos;4.1.3&apos;, revision: &apos;7b1ebf28ef&apos;&#10;System info: host: &apos;DESKTOP-2PSTLR1&apos;, ip: &apos;192.168.1.5&apos;, os.name: &apos;Windows 10&apos;, os.arch: &apos;amd64&apos;, os.version: &apos;10.0&apos;, java.version: &apos;11.0.14&apos;&#10;Driver info: org.openqa.selenium.chrome.ChromeDriver&#10;Command: [e38b1a67e6c3200a5580eb4256d3509b, screenshot {}]&#10;Capabilities {acceptInsecureCerts: false, browserName: chrome, browserVersion: 100.0.4896.127, chrome: {chromedriverVersion: 99.0.4844.51 (d537ec02474b5..., userDataDir: C:\WINDOWS\TEMP\scoped_dir7...}, goog:chromeOptions: {debuggerAddress: localhost:62875}, javascriptEnabled: true, networkConnectionEnabled: false, pageLoadStrategy: normal, platform: WINDOWS, platformName: WINDOWS, proxy: Proxy(), se:cdp: ws://localhost:62875/devtoo..., se:cdpVersion: 100.0.4896.127, setWindowRect: true, strictFileInteractability: false, timeouts: {implicit: 0, pageLoad: 300000, script: 30000}, unhandledPromptBehavior: dismiss and notify, webauthn:extension:credBlob: true, webauthn:extension:largeBlob: true, webauthn:virtualAuthenticators: true}&#10;Session ID: e38b1a67e6c3200a5580eb4256d3509b" type="org.openqa.selenium.TimeoutException">org.openqa.selenium.TimeoutException: 
timeout: Timed out receiving message from renderer: 40.000
  (Session info: chrome=100.0.4896.127)
Build info: version: '4.1.3', revision: '7b1ebf28ef'
System info: host: 'DESKTOP-2PSTLR1', ip: '192.168.1.5', os.name: 'Windows 10', os.arch: 'amd64', os.version: '10.0', java.version: '11.0.14'
Driver info: org.openqa.selenium.chrome.ChromeDriver
Command: [e38b1a67e6c3200a5580eb4256d3509b, screenshot {}]
Capabilities {acceptInsecureCerts: false, browserName: chrome, browserVersion: 100.0.4896.127, chrome: {chromedriverVersion: 99.0.4844.51 (d537ec02474b5..., userDataDir: C:\WINDOWS\TEMP\scoped_dir7...}, goog:chromeOptions: {debuggerAddress: localhost:62875}, javascriptEnabled: true, networkConnectionEnabled: false, pageLoadStrategy: normal, platform: WINDOWS, platformName: WINDOWS, proxy: Proxy(), se:cdp: ws://localhost:62875/devtoo..., se:cdpVersion: 100.0.4896.127, setWindowRect: true, strictFileInteractability: false, timeouts: {implicit: 0, pageLoad: 300000, script: 30000}, unhandledPromptBehavior: dismiss and notify, webauthn:extension:credBlob: true, webauthn:extension:largeBlob: true, webauthn:virtualAuthenticators: true}
Session ID: e38b1a67e6c3200a5580eb4256d3509b
</error>
  </testcase>
  <testcase name="Add a New Product" classname="Products" time="119.377">
    <error message="unexpected alert open: {Alert text : DataTables warning: table id=products-grid - Ajax error. For more information about this error, please see http://datatables.net/tn/7}&#10;  (Session info: chrome=100.0.4896.127): DataTables warning: table id=products-grid - Ajax error. For more information about this error, please see http://datatables.net/tn/7&#10;Build info: version: &apos;4.1.3&apos;, revision: &apos;7b1ebf28ef&apos;&#10;System info: host: &apos;DESKTOP-2PSTLR1&apos;, ip: &apos;192.168.1.5&apos;, os.name: &apos;Windows 10&apos;, os.arch: &apos;amd64&apos;, os.version: &apos;10.0&apos;, java.version: &apos;11.0.14&apos;&#10;Driver info: org.openqa.selenium.chrome.ChromeDriver&#10;Command: [a015d751a6b4aaef1af13881b2ddf540, findElement {using=xpath, value=//a[@class=&apos;btn btn-primary&apos;]}]&#10;Capabilities {acceptInsecureCerts: false, browserName: chrome, browserVersion: 100.0.4896.127, chrome: {chromedriverVersion: 99.0.4844.51 (d537ec02474b5..., userDataDir: C:\WINDOWS\TEMP\scoped_dir5...}, goog:chromeOptions: {debuggerAddress: localhost:62899}, javascriptEnabled: true, networkConnectionEnabled: false, pageLoadStrategy: normal, platform: WINDOWS, platformName: WINDOWS, proxy: Proxy(), se:cdp: ws://localhost:62899/devtoo..., se:cdpVersion: 100.0.4896.127, setWindowRect: true, strictFileInteractability: false, timeouts: {implicit: 0, pageLoad: 300000, script: 30000}, unhandledPromptBehavior: dismiss and notify, webauthn:extension:credBlob: true, webauthn:extension:largeBlob: true, webauthn:virtualAuthenticators: true}&#10;Session ID: a015d751a6b4aaef1af13881b2ddf540" type="org.openqa.selenium.UnhandledAlertException">org.openqa.selenium.UnhandledAlertException: 
unexpected alert open: {Alert text : DataTables warning: table id=products-grid - Ajax error. For more information about this error, please see http://datatables.net/tn/7}
  (Session info: chrome=100.0.4896.127): DataTables warning: table id=products-grid - Ajax error. For more information about this error, please see http://datatables.net/tn/7
Build info: version: '4.1.3', revision: '7b1ebf28ef'
System info: host: 'DESKTOP-2PSTLR1', ip: '192.168.1.5', os.name: 'Windows 10', os.arch: 'amd64', os.version: '10.0', java.version: '11.0.14'
Driver info: org.openqa.selenium.chrome.ChromeDriver
Command: [a015d751a6b4aaef1af13881b2ddf540, findElement {using=xpath, value=//a[@class='btn btn-primary']}]
Capabilities {acceptInsecureCerts: false, browserName: chrome, browserVersion: 100.0.4896.127, chrome: {chromedriverVersion: 99.0.4844.51 (d537ec02474b5..., userDataDir: C:\WINDOWS\TEMP\scoped_dir5...}, goog:chromeOptions: {debuggerAddress: localhost:62899}, javascriptEnabled: true, networkConnectionEnabled: false, pageLoadStrategy: normal, platform: WINDOWS, platformName: WINDOWS, proxy: Proxy(), se:cdp: ws://localhost:62899/devtoo..., se:cdpVersion: 100.0.4896.127, setWindowRect: true, strictFileInteractability: false, timeouts: {implicit: 0, pageLoad: 300000, script: 30000}, unhandledPromptBehavior: dismiss and notify, webauthn:extension:credBlob: true, webauthn:extension:largeBlob: true, webauthn:virtualAuthenticators: true}
Session ID: a015d751a6b4aaef1af13881b2ddf540
</error>
    <system-out><![CDATA[
Scenario: Add a New Product                                                                            # features/Products.feature:10
05-03-2022 02:15:51 Steps.java INFO  [main] nopCommerce 99 - *********launching the Browser*************
  Given User launch chrome browser                                                                     # com.nopcommerce.stepDefinitions.Steps.user_launch_chrome_browser()
05-03-2022 02:15:51 Steps.java INFO  [main] nopCommerce 105 - *********Opening URL*************
  When User opens URL "https://admin-demo.nopcommerce.com/login"                                       # com.nopcommerce.stepDefinitions.Steps.user_opens_url(java.lang.String)
05-03-2022 02:15:53 Steps.java INFO  [main] nopCommerce 113 - ********* Proving user info ***************
  And User enters Email as "admin@yourstore.com" and Password as "admin"                               # com.nopcommerce.stepDefinitions.Steps.user_enters_email_as_and_password_as(java.lang.String,java.lang.String)
  And Click on Login                                                                                   # com.nopcommerce.stepDefinitions.Steps.click_on_login()
05-03-2022 02:16:04 Steps.java INFO  [main] nopCommerce 159 - ********* Adding Customer Scenario started  ***************
  Then User can view Dashboard                                                                         # com.nopcommerce.stepDefinitions.Steps.user_can_view_dashboard()
  When User click on catalog menu                                                                      # com.nopcommerce.stepDefinitions.Steps.user_click_on_catalog_menu()
  And click on products                                                                                # com.nopcommerce.stepDefinitions.Steps.click_on_products()
  And Click on Add New button                                                                          # com.nopcommerce.stepDefinitions.Steps.click_on_add_new_button()
      org.openqa.selenium.UnhandledAlertException: unexpected alert open: {Alert text : DataTables warning: table id=products-grid - Ajax error. For more information about this error, please see http://datatables.net/tn/7}
  (Session info: chrome=100.0.4896.127): DataTables warning: table id=products-grid - Ajax error. For more information about this error, please see http://datatables.net/tn/7
Build info: version: '4.1.3', revision: '7b1ebf28ef'
System info: host: 'DESKTOP-2PSTLR1', ip: '192.168.1.5', os.name: 'Windows 10', os.arch: 'amd64', os.version: '10.0', java.version: '11.0.14'
Driver info: org.openqa.selenium.chrome.ChromeDriver
Command: [a015d751a6b4aaef1af13881b2ddf540, findElement {using=xpath, value=//a[@class='btn btn-primary']}]
Capabilities {acceptInsecureCerts: false, browserName: chrome, browserVersion: 100.0.4896.127, chrome: {chromedriverVersion: 99.0.4844.51 (d537ec02474b5..., userDataDir: C:\WINDOWS\TEMP\scoped_dir5...}, goog:chromeOptions: {debuggerAddress: localhost:62899}, javascriptEnabled: true, networkConnectionEnabled: false, pageLoadStrategy: normal, platform: WINDOWS, platformName: WINDOWS, proxy: Proxy(), se:cdp: ws://localhost:62899/devtoo..., se:cdpVersion: 100.0.4896.127, setWindowRect: true, strictFileInteractability: false, timeouts: {implicit: 0, pageLoad: 300000, script: 30000}, unhandledPromptBehavior: dismiss and notify, webauthn:extension:credBlob: true, webauthn:extension:largeBlob: true, webauthn:virtualAuthenticators: true}
Session ID: a015d751a6b4aaef1af13881b2ddf540
	at org.openqa.selenium.remote.codec.w3c.W3CHttpResponseCodec.decode(W3CHttpResponseCodec.java:131)
	at org.openqa.selenium.remote.codec.w3c.W3CHttpResponseCodec.decode(W3CHttpResponseCodec.java:53)
	at org.openqa.selenium.remote.HttpCommandExecutor.execute(HttpCommandExecutor.java:184)
	at org.openqa.selenium.remote.service.DriverCommandExecutor.invokeExecute(DriverCommandExecutor.java:167)
	at org.openqa.selenium.remote.service.DriverCommandExecutor.execute(DriverCommandExecutor.java:142)
	at org.openqa.selenium.remote.RemoteWebDriver.execute(RemoteWebDriver.java:567)
	at org.openqa.selenium.remote.ElementLocation$ElementFinder$2.findElement(ElementLocation.java:162)
	at org.openqa.selenium.remote.ElementLocation.findElement(ElementLocation.java:60)
	at org.openqa.selenium.remote.RemoteWebDriver.findElement(RemoteWebDriver.java:385)
	at org.openqa.selenium.remote.RemoteWebDriver.findElement(RemoteWebDriver.java:377)
	at com.nopcommerce.pageObjects.AddcustomerPage.clickOnAddNew(AddcustomerPage.java:66)
	at com.nopcommerce.stepDefinitions.Steps.click_on_add_new_button(Steps.java:184)
	at âœ½.Click on Add New button(file:///C:/Users/Akshay%20More/eclipse-workspace/demonopcommerceBddCucumber/./features/Products.feature:13)

  Then User can view add new product page                                                              # com.nopcommerce.stepDefinitions.Steps.user_can_view_add_new_product_page()
  When user enter product info                                                                         # com.nopcommerce.stepDefinitions.Steps.user_enter_product_info()
  And Click on Save button                                                                             # com.nopcommerce.stepDefinitions.Steps.click_on_save_button()
  Then User can view product added confirmation message "The new product has been added successfully." # com.nopcommerce.stepDefinitions.Steps.user_can_view_product_added_confirmation_message(java.lang.String)
  And close browser                                                                                    # com.nopcommerce.stepDefinitions.Steps.close_browser()

    Embedding Add_a_New_Product [image/png 98867 bytes]

]]></system-out>
    <system-err><![CDATA[Starting ChromeDriver 99.0.4844.51 (d537ec02474b5afe23684e7963d538896c63ac77-refs/branch-heads/4844@{#875}) on port 64168
Only local connections are allowed.
Please see https://chromedriver.chromium.org/security-considerations for suggestions on keeping ChromeDriver safe.
ChromeDriver was started successfully.
[1651524349.958][WARNING]: This version of ChromeDriver has not been tested with Chrome version 100.
May 03, 2022 2:15:50 AM org.openqa.selenium.remote.ProtocolHandshake createSession
INFO: Detected dialect: W3C
May 03, 2022 2:15:51 AM org.openqa.selenium.devtools.CdpVersionFinder findNearestMatch
WARNING: Unable to find an exact match for CDP version 100, so returning the closest version found: 99
May 03, 2022 2:15:51 AM org.openqa.selenium.devtools.CdpVersionFinder findNearestMatch
INFO: Found CDP implementation for version 100 of 99
]]></system-err>
  </testcase>
  <testcase name="Search Product by Name" classname="Products" time="18.3">
    <failure message="expected:&lt;true&gt; but was:&lt;false&gt;" type="java.lang.AssertionError"><![CDATA[java.lang.AssertionError: expected:<true> but was:<false>
]]></failure>
    <system-out><![CDATA[
Scenario: Search Product by Name                                         # features/Products.feature:21
05-03-2022 02:17:49 Steps.java INFO  [main] nopCommerce 99 - *********launching the Browser*************
  Given User launch chrome browser                                       # com.nopcommerce.stepDefinitions.Steps.user_launch_chrome_browser()
05-03-2022 02:17:49 Steps.java INFO  [main] nopCommerce 105 - *********Opening URL*************
  When User opens URL "https://admin-demo.nopcommerce.com/login"         # com.nopcommerce.stepDefinitions.Steps.user_opens_url(java.lang.String)
05-03-2022 02:17:53 Steps.java INFO  [main] nopCommerce 113 - ********* Proving user info ***************
  And User enters Email as "admin@yourstore.com" and Password as "admin" # com.nopcommerce.stepDefinitions.Steps.user_enters_email_as_and_password_as(java.lang.String,java.lang.String)
  And Click on Login                                                     # com.nopcommerce.stepDefinitions.Steps.click_on_login()
05-03-2022 02:18:02 Steps.java INFO  [main] nopCommerce 159 - ********* Adding Customer Scenario started  ***************
  Then User can view Dashboard                                           # com.nopcommerce.stepDefinitions.Steps.user_can_view_dashboard()
  When User click on catalog menu                                        # com.nopcommerce.stepDefinitions.Steps.user_click_on_catalog_menu()
  And click on products                                                  # com.nopcommerce.stepDefinitions.Steps.click_on_products()
  And Enter Product Name                                                 # com.nopcommerce.stepDefinitions.Steps.enter_product_name()
  When Click on Product Search button                                    # com.nopcommerce.stepDefinitions.Steps.click_on_product_search_button()
05-03-2022 02:18:05 Steps.java INFO  [main] nopCommerce 348 - ********* Search Product by name validation ***************
  Then User should found Product Name in the search table                # com.nopcommerce.stepDefinitions.Steps.user_should_found_product_name_in_the_search_table()
      java.lang.AssertionError: expected:<true> but was:<false>
	at org.junit.Assert.fail(Assert.java:88)
	at org.junit.Assert.failNotEquals(Assert.java:834)
	at org.junit.Assert.assertEquals(Assert.java:118)
	at org.junit.Assert.assertEquals(Assert.java:144)
	at com.nopcommerce.stepDefinitions.Steps.user_should_found_product_name_in_the_search_table(Steps.java:350)
	at âœ½.User should found Product Name in the search table(file:///C:/Users/Akshay%20More/eclipse-workspace/demonopcommerceBddCucumber/./features/Products.feature:26)

  And close browser                                                      # com.nopcommerce.stepDefinitions.Steps.close_browser()

    Embedding Search_Product_by_Name [image/png 100175 bytes]

]]></system-out>
    <system-err><![CDATA[Starting ChromeDriver 99.0.4844.51 (d537ec02474b5afe23684e7963d538896c63ac77-refs/branch-heads/4844@{#875}) on port 55473
Only local connections are allowed.
Please see https://chromedriver.chromium.org/security-considerations for suggestions on keeping ChromeDriver safe.
ChromeDriver was started successfully.
[1651524469.172][WARNING]: This version of ChromeDriver has not been tested with Chrome version 100.
May 03, 2022 2:17:49 AM org.openqa.selenium.remote.ProtocolHandshake createSession
INFO: Detected dialect: W3C
May 03, 2022 2:17:49 AM org.openqa.selenium.devtools.CdpVersionFinder findNearestMatch
WARNING: Unable to find an exact match for CDP version 100, so returning the closest version found: 99
May 03, 2022 2:17:49 AM org.openqa.selenium.devtools.CdpVersionFinder findNearestMatch
INFO: Found CDP implementation for version 100 of 99
]]></system-err>
  </testcase>
</testsuite>